c:\users\ronak_000\desktop\codeparser\codeparser\metricexecutive\debug\vc140.pdb
c:\users\ronak_000\desktop\codeparser\codeparser\metricexecutive\debug\vc140.idb
c:\users\ronak_000\desktop\codeparser\codeparser\metricexecutive\debug\actionsandrules.obj
c:\users\ronak_000\desktop\codeparser\codeparser\metricexecutive\debug\ast.obj
c:\users\ronak_000\desktop\codeparser\codeparser\metricexecutive\debug\configureparser.obj
c:\users\ronak_000\desktop\codeparser\codeparser\metricexecutive\debug\parser.obj
c:\users\ronak_000\desktop\codeparser\codeparser\metricexecutive\debug\semiexp.obj
c:\users\ronak_000\desktop\codeparser\codeparser\metricexecutive\debug\tokenizer.obj
c:\users\ronak_000\desktop\codeparser\codeparser\metricexecutive\debug\utilities.obj
c:\users\ronak_000\desktop\codeparser\codeparser\metricexecutive\debug\metricanalyzer.obj
c:\users\ronak_000\desktop\codeparser\codeparser\metricexecutive\debug\metricexecutive.obj
c:\users\ronak_000\desktop\codeparser\codeparser\debug\metricexecutive.ilk
c:\users\ronak_000\desktop\codeparser\codeparser\debug\metricexecutive.exe
c:\users\ronak_000\desktop\codeparser\codeparser\debug\metricexecutive.pdb
c:\users\ronak_000\desktop\codeparser\codeparser\metricexecutive\debug\metricexecutive.tlog\cl.command.1.tlog
c:\users\ronak_000\desktop\codeparser\codeparser\metricexecutive\debug\metricexecutive.tlog\cl.read.1.tlog
c:\users\ronak_000\desktop\codeparser\codeparser\metricexecutive\debug\metricexecutive.tlog\cl.write.1.tlog
c:\users\ronak_000\desktop\codeparser\codeparser\metricexecutive\debug\metricexecutive.tlog\link.command.1.tlog
c:\users\ronak_000\desktop\codeparser\codeparser\metricexecutive\debug\metricexecutive.tlog\link.read.1.tlog
c:\users\ronak_000\desktop\codeparser\codeparser\metricexecutive\debug\metricexecutive.tlog\link.write.1.tlog
